<?xml version="1.0" encoding="UTF-8"?>
<!-- Generated by org.testng.reporters.JUnitReportReporter -->
<testsuite skipped="0" hostname="vivek-PC" name="com.ThankYouProject.testCases.homeCases.TC_018_Home_7" tests="1" failures="0" timestamp="18 Mar 2018 15:24:55 GMT" time="61.305" errors="0">
  <testcase name="tC_018_ThanksPopupAndRemoveUsersFromThanksPopup" time="61.305" classname="com.ThankYouProject.testCases.homeCases.TC_018_Home_7"/>
</testsuite> <!-- com.ThankYouProject.testCases.homeCases.TC_018_Home_7 -->
