<?xml version="1.0" encoding="UTF-8"?>
<!-- Generated by org.testng.reporters.JUnitReportReporter -->
<testsuite skipped="0" hostname="vivek-PC" name="com.ThankYouProject.testCases.homeCases.TC_018_Home_6" tests="1" failures="0" timestamp="18 Mar 2018 14:44:27 GMT" time="61.175" errors="0">
  <testcase name="tC_018_heartsTextMapping" time="61.175" classname="com.ThankYouProject.testCases.homeCases.TC_018_Home_6"/>
</testsuite> <!-- com.ThankYouProject.testCases.homeCases.TC_018_Home_6 -->
