<?xml version="1.0" encoding="UTF-8"?>
<!-- Generated by org.testng.reporters.JUnitReportReporter -->
<testsuite skipped="0" hostname="vivek-PC" name="com.ThankYouProject.testCases.homeCases.TC_018_Home_1" tests="1" failures="0" timestamp="14 Mar 2018 20:27:15 GMT" time="70.555" errors="0">
  <testcase name="tC_018_replyButton" time="70.555" classname="com.ThankYouProject.testCases.homeCases.TC_018_Home_1"/>
</testsuite> <!-- com.ThankYouProject.testCases.homeCases.TC_018_Home_1 -->
