<?xml version="1.0" encoding="UTF-8"?>
<!-- Generated by org.testng.reporters.JUnitReportReporter -->
<testsuite skipped="0" hostname="vivek-PC" name="com.ThankYouProject.testCases.homeCases.TC_018_Home_2" tests="1" failures="0" timestamp="16 Mar 2018 17:09:14 GMT" time="86.225" errors="0">
  <testcase name="tC_018_contactsAppearAsSelectedOnTheHomePage" time="86.225" classname="com.ThankYouProject.testCases.homeCases.TC_018_Home_2"/>
</testsuite> <!-- com.ThankYouProject.testCases.homeCases.TC_018_Home_2 -->
