<?xml version="1.0" encoding="UTF-8"?>
<!-- Generated by org.testng.reporters.JUnitReportReporter -->
<testsuite skipped="0" hostname="vivek-PC" name="com.ThankYouProject.testCases.homeCases.TC_018_Home_SeeAll" tests="1" failures="0" timestamp="17 Mar 2018 18:20:54 GMT" time="72.211" errors="0">
  <testcase name="tC_018_SeeAll" time="72.211" classname="com.ThankYouProject.testCases.homeCases.TC_018_Home_SeeAll"/>
</testsuite> <!-- com.ThankYouProject.testCases.homeCases.TC_018_Home_SeeAll -->
