<?xml version="1.0" encoding="UTF-8"?>
<!-- Generated by org.testng.reporters.JUnitReportReporter -->
<testsuite skipped="0" hostname="vivek-PC" name="com.ThankYouProject.testCases.homeCases.TC_018_Home_5" tests="1" failures="0" timestamp="18 Mar 2018 07:42:59 GMT" time="59.646" errors="0">
  <testcase name="tC_018_profilePageRedirection" time="59.646" classname="com.ThankYouProject.testCases.homeCases.TC_018_Home_5"/>
</testsuite> <!-- com.ThankYouProject.testCases.homeCases.TC_018_Home_5 -->
